  Source.cpp
F:\School\TileMapEditor\Source.cpp(116,85): warning C4244: 'argument': conversion from 'int' to 'T', possible loss of data
          with
          [
              T=float
          ]
F:\School\TileMapEditor\Source.cpp(116,71): warning C4244: 'argument': conversion from 'int' to 'T', possible loss of data
          with
          [
              T=float
          ]
F:\School\TileMapEditor\Source.cpp(285,31): warning C4244: 'initializing': conversion from 'float' to 'int', possible loss of data
F:\School\TileMapEditor\Source.cpp(286,31): warning C4244: 'initializing': conversion from 'float' to 'int', possible loss of data
F:\School\TileMapEditor\Source.cpp(367,98): warning C4244: 'argument': conversion from 'int' to 'T', possible loss of data
          with
          [
              T=float
          ]
F:\School\TileMapEditor\Source.cpp(367,84): warning C4244: 'argument': conversion from 'int' to 'T', possible loss of data
          with
          [
              T=float
          ]
F:\School\TileMapEditor\Source.cpp(445,30): warning C4244: '=': conversion from 'float' to 'T', possible loss of data
          with
          [
              T=int
          ]
F:\School\TileMapEditor\Source.cpp(446,30): warning C4244: '=': conversion from 'float' to 'T', possible loss of data
          with
          [
              T=int
          ]
F:\School\TileMapEditor\Source.cpp(490,181): warning C4244: 'argument': conversion from 'int' to 'T', possible loss of data
          with
          [
              T=float
          ]
F:\School\TileMapEditor\Source.cpp(490,149): warning C4244: 'argument': conversion from 'int' to 'T', possible loss of data
          with
          [
              T=float
          ]
F:\School\TileMapEditor\Source.cpp(558,93): warning C4244: 'argument': conversion from 'int' to 'float', possible loss of data
F:\School\TileMapEditor\Source.cpp(558,61): warning C4244: 'argument': conversion from 'int' to 'float', possible loss of data
F:\School\TileMapEditor\Source.cpp(560,57): warning C4244: 'argument': conversion from 'const _Ty' to 'float', possible loss of data
          with
          [
              _Ty=int
          ]
  CoolGameName.vcxproj -> F:\School\TileMapEditor\x64\Debug\CoolGameName.exe
